<?xml version="1.0" encoding="UTF-8"?>
<testsuite errors="0" failures="0" name="This is a simple checkout" skipped="0" tests="1" time="35.250067">
<testcase classname="This is a simple checkout" name="Checkout" time="35.250067">
  <system-out/>
  <system-err/>
</testcase>
  <system-out>
    <![CDATA[]]>
  </system-out>
  <system-err>
    <![CDATA[]]>
  </system-err>
</testsuite>
