<?xml version="1.0" encoding="UTF-8"?>
<testsuite errors="0" failures="0" name="login Feature" skipped="0" tests="1" time="2.799761">
<testcase classname="login Feature" name="Login test" time="2.799761">
  <system-out/>
  <system-err/>
</testcase>
  <system-out>
    <![CDATA[]]>
  </system-out>
  <system-err>
    <![CDATA[]]>
  </system-err>
</testsuite>
