<?xml version="1.0" encoding="UTF-8"?>
<testsuite errors="0" failures="0" name="Create a self assessment" skipped="0" tests="1" time="6.187007">
<testcase classname="Create a self assessment" name="Create an assessment" time="6.187007">
  <system-out/>
  <system-err/>
</testcase>
  <system-out>
    <![CDATA[]]>
  </system-out>
  <system-err>
    <![CDATA[]]>
  </system-err>
</testsuite>
